D:\Repo\ServiceApp\ServiceApp.API\ServiceApp.UI\ClientApp\dist\out-tsc\e2e\src\app.po.js
D:\Repo\ServiceApp\ServiceApp.API\ServiceApp.UI\ClientApp\dist\out-tsc\e2e\src\app.po.js.map
D:\Repo\ServiceApp\ServiceApp.API\ServiceApp.UI\ClientApp\dist\out-tsc\e2e\src\app.e2e-spec.js
D:\Repo\ServiceApp\ServiceApp.API\ServiceApp.UI\ClientApp\dist\out-tsc\e2e\src\app.e2e-spec.js.map
D:\Repo\ServiceApp\ServiceApp.API\ServiceApp.UI\ClientApp\dist\out-tsc\src\app\material\material.module.js
D:\Repo\ServiceApp\ServiceApp.API\ServiceApp.UI\ClientApp\dist\out-tsc\src\app\material\material.module.js.map
D:\Repo\ServiceApp\ServiceApp.API\ServiceApp.UI\ClientApp\dist\out-tsc\src\app\helper\fake-backend.js
D:\Repo\ServiceApp\ServiceApp.API\ServiceApp.UI\ClientApp\dist\out-tsc\src\app\helper\fake-backend.js.map
D:\Repo\ServiceApp\ServiceApp.API\ServiceApp.UI\ClientApp\dist\out-tsc\src\environments\environment.js
D:\Repo\ServiceApp\ServiceApp.API\ServiceApp.UI\ClientApp\dist\out-tsc\src\environments\environment.js.map
D:\Repo\ServiceApp\ServiceApp.API\ServiceApp.UI\ClientApp\dist\out-tsc\src\app\models\role.js
D:\Repo\ServiceApp\ServiceApp.API\ServiceApp.UI\ClientApp\dist\out-tsc\src\app\models\role.js.map
D:\Repo\ServiceApp\ServiceApp.API\ServiceApp.UI\ClientApp\dist\out-tsc\src\app\models\User.js
D:\Repo\ServiceApp\ServiceApp.API\ServiceApp.UI\ClientApp\dist\out-tsc\src\app\models\User.js.map
D:\Repo\ServiceApp\ServiceApp.API\ServiceApp.UI\ClientApp\dist\out-tsc\src\app\services\authentication.service.js
D:\Repo\ServiceApp\ServiceApp.API\ServiceApp.UI\ClientApp\dist\out-tsc\src\app\services\authentication.service.js.map
D:\Repo\ServiceApp\ServiceApp.API\ServiceApp.UI\ClientApp\dist\out-tsc\src\app\services\alert.service.js
D:\Repo\ServiceApp\ServiceApp.API\ServiceApp.UI\ClientApp\dist\out-tsc\src\app\services\alert.service.js.map
D:\Repo\ServiceApp\ServiceApp.API\ServiceApp.UI\ClientApp\dist\out-tsc\src\app\login\login.component.js
D:\Repo\ServiceApp\ServiceApp.API\ServiceApp.UI\ClientApp\dist\out-tsc\src\app\login\login.component.js.map
D:\Repo\ServiceApp\ServiceApp.API\ServiceApp.UI\ClientApp\dist\out-tsc\src\app\services\user.service.js
D:\Repo\ServiceApp\ServiceApp.API\ServiceApp.UI\ClientApp\dist\out-tsc\src\app\services\user.service.js.map
D:\Repo\ServiceApp\ServiceApp.API\ServiceApp.UI\ClientApp\dist\out-tsc\src\app\register\register.component.js
D:\Repo\ServiceApp\ServiceApp.API\ServiceApp.UI\ClientApp\dist\out-tsc\src\app\register\register.component.js.map
D:\Repo\ServiceApp\ServiceApp.API\ServiceApp.UI\ClientApp\dist\out-tsc\src\app\models\product.js
D:\Repo\ServiceApp\ServiceApp.API\ServiceApp.UI\ClientApp\dist\out-tsc\src\app\models\product.js.map
D:\Repo\ServiceApp\ServiceApp.API\ServiceApp.UI\ClientApp\dist\out-tsc\src\app\services\product-post.service.js
D:\Repo\ServiceApp\ServiceApp.API\ServiceApp.UI\ClientApp\dist\out-tsc\src\app\services\product-post.service.js.map
D:\Repo\ServiceApp\ServiceApp.API\ServiceApp.UI\ClientApp\dist\out-tsc\src\app\product-add-edit\product-add-edit.component.js
D:\Repo\ServiceApp\ServiceApp.API\ServiceApp.UI\ClientApp\dist\out-tsc\src\app\product-add-edit\product-add-edit.component.js.map
D:\Repo\ServiceApp\ServiceApp.API\ServiceApp.UI\ClientApp\dist\out-tsc\src\app\view-poducts\view-poducts.component.js
D:\Repo\ServiceApp\ServiceApp.API\ServiceApp.UI\ClientApp\dist\out-tsc\src\app\view-poducts\view-poducts.component.js.map
D:\Repo\ServiceApp\ServiceApp.API\ServiceApp.UI\ClientApp\dist\out-tsc\src\app\app-routing.module.js
D:\Repo\ServiceApp\ServiceApp.API\ServiceApp.UI\ClientApp\dist\out-tsc\src\app\app-routing.module.js.map
D:\Repo\ServiceApp\ServiceApp.API\ServiceApp.UI\ClientApp\dist\out-tsc\src\app\app.component.js
D:\Repo\ServiceApp\ServiceApp.API\ServiceApp.UI\ClientApp\dist\out-tsc\src\app\app.component.js.map
D:\Repo\ServiceApp\ServiceApp.API\ServiceApp.UI\ClientApp\dist\out-tsc\src\app\helper\jwt.interceptor.js
D:\Repo\ServiceApp\ServiceApp.API\ServiceApp.UI\ClientApp\dist\out-tsc\src\app\helper\jwt.interceptor.js.map
D:\Repo\ServiceApp\ServiceApp.API\ServiceApp.UI\ClientApp\dist\out-tsc\src\app\helper\error.interceptor.js
D:\Repo\ServiceApp\ServiceApp.API\ServiceApp.UI\ClientApp\dist\out-tsc\src\app\helper\error.interceptor.js.map
D:\Repo\ServiceApp\ServiceApp.API\ServiceApp.UI\ClientApp\dist\out-tsc\src\app\app.module.js
D:\Repo\ServiceApp\ServiceApp.API\ServiceApp.UI\ClientApp\dist\out-tsc\src\app\app.module.js.map
D:\Repo\ServiceApp\ServiceApp.API\ServiceApp.UI\ClientApp\dist\out-tsc\src\main.js
D:\Repo\ServiceApp\ServiceApp.API\ServiceApp.UI\ClientApp\dist\out-tsc\src\main.js.map
D:\Repo\ServiceApp\ServiceApp.API\ServiceApp.UI\ClientApp\dist\out-tsc\src\polyfills.js
D:\Repo\ServiceApp\ServiceApp.API\ServiceApp.UI\ClientApp\dist\out-tsc\src\polyfills.js.map
D:\Repo\ServiceApp\ServiceApp.API\ServiceApp.UI\ClientApp\dist\out-tsc\src\test.js
D:\Repo\ServiceApp\ServiceApp.API\ServiceApp.UI\ClientApp\dist\out-tsc\src\test.js.map
D:\Repo\ServiceApp\ServiceApp.API\ServiceApp.UI\ClientApp\dist\out-tsc\src\app\app.component.spec.js
D:\Repo\ServiceApp\ServiceApp.API\ServiceApp.UI\ClientApp\dist\out-tsc\src\app\app.component.spec.js.map
D:\Repo\ServiceApp\ServiceApp.API\ServiceApp.UI\ClientApp\dist\out-tsc\src\app\guards\auth.guard.js
D:\Repo\ServiceApp\ServiceApp.API\ServiceApp.UI\ClientApp\dist\out-tsc\src\app\guards\auth.guard.js.map
D:\Repo\ServiceApp\ServiceApp.API\ServiceApp.UI\ClientApp\dist\out-tsc\src\app\guards\auth.guard.spec.js
D:\Repo\ServiceApp\ServiceApp.API\ServiceApp.UI\ClientApp\dist\out-tsc\src\app\guards\auth.guard.spec.js.map
D:\Repo\ServiceApp\ServiceApp.API\ServiceApp.UI\ClientApp\dist\out-tsc\src\app\login\login.component.spec.js
D:\Repo\ServiceApp\ServiceApp.API\ServiceApp.UI\ClientApp\dist\out-tsc\src\app\login\login.component.spec.js.map
D:\Repo\ServiceApp\ServiceApp.API\ServiceApp.UI\ClientApp\dist\out-tsc\src\app\models\userpost.js
D:\Repo\ServiceApp\ServiceApp.API\ServiceApp.UI\ClientApp\dist\out-tsc\src\app\models\userpost.js.map
D:\Repo\ServiceApp\ServiceApp.API\ServiceApp.UI\ClientApp\dist\out-tsc\src\app\product-add-edit\product-add-edit.component.spec.js
D:\Repo\ServiceApp\ServiceApp.API\ServiceApp.UI\ClientApp\dist\out-tsc\src\app\product-add-edit\product-add-edit.component.spec.js.map
D:\Repo\ServiceApp\ServiceApp.API\ServiceApp.UI\ClientApp\dist\out-tsc\src\app\register\register.component.spec.js
D:\Repo\ServiceApp\ServiceApp.API\ServiceApp.UI\ClientApp\dist\out-tsc\src\app\register\register.component.spec.js.map
D:\Repo\ServiceApp\ServiceApp.API\ServiceApp.UI\ClientApp\dist\out-tsc\src\app\services\authentication.service.spec.js
D:\Repo\ServiceApp\ServiceApp.API\ServiceApp.UI\ClientApp\dist\out-tsc\src\app\services\authentication.service.spec.js.map
D:\Repo\ServiceApp\ServiceApp.API\ServiceApp.UI\ClientApp\dist\out-tsc\src\app\services\product-post.service.spec.js
D:\Repo\ServiceApp\ServiceApp.API\ServiceApp.UI\ClientApp\dist\out-tsc\src\app\services\product-post.service.spec.js.map
D:\Repo\ServiceApp\ServiceApp.API\ServiceApp.UI\ClientApp\dist\out-tsc\src\app\services\user.service.spec.js
D:\Repo\ServiceApp\ServiceApp.API\ServiceApp.UI\ClientApp\dist\out-tsc\src\app\services\user.service.spec.js.map
D:\Repo\ServiceApp\ServiceApp.API\ServiceApp.UI\ClientApp\dist\out-tsc\src\app\view-poducts\view-poducts.component.spec.js
D:\Repo\ServiceApp\ServiceApp.API\ServiceApp.UI\ClientApp\dist\out-tsc\src\app\view-poducts\view-poducts.component.spec.js.map
D:\Repo\ServiceApp\ServiceApp.API\ServiceApp.UI\ClientApp\dist\out-tsc\src\environments\environment.prod.js
D:\Repo\ServiceApp\ServiceApp.API\ServiceApp.UI\ClientApp\dist\out-tsc\src\environments\environment.prod.js.map
